# JRE version: Java(TM) SE Runtime Environment (8.0_102-b14) (build 1.8.0_102-b14)
# Java VM: Java HotSpot(TM) 64-Bit Server VM (25.102-b14 mixed mode windows-amd64 compressed oops)
Heap:
 PSYoungGen      total 186880K, used 92262K [0x000000076b780000, 0x0000000779a00000, 0x00000007c0000000)
  eden space 172544K, 53% used [0x000000076b780000,0x0000000771199a50,0x0000000776000000)
  from space 14336K, 0% used [0x0000000776e00000,0x0000000776e00000,0x0000000777c00000)
  to   space 14336K, 0% used [0x0000000776000000,0x0000000776000000,0x0000000776e00000)
 ParOldGen       total 144384K, used 15434K [0x00000006c2600000, 0x00000006cb300000, 0x000000076b780000)
  object space 144384K, 10% used [0x00000006c2600000,0x00000006c3512b78,0x00000006cb300000)
 Metaspace       used 38750K, capacity 40744K, committed 40960K, reserved 1085440K
  class space    used 5220K, capacity 5607K, committed 5632K, reserved 1048576K
GC Heap History (10 events):
Event: 5.550 GC heap before
{Heap before GC invocations=4 (full 1):
 PSYoungGen      total 75776K, used 6263K [0x000000076b780000, 0x0000000774b80000, 0x00000007c0000000)
  eden space 65024K, 0% used [0x000000076b780000,0x000000076b780000,0x000000076f700000)
  from space 10752K, 58% used [0x000000076f700000,0x000000076fd1dc48,0x0000000770180000)
  to   space 10752K, 0% used [0x0000000774100000,0x0000000774100000,0x0000000774b80000)
 ParOldGen       total 173568K, used 599K [0x00000006c2600000, 0x00000006ccf80000, 0x000000076b780000)
  object space 173568K, 0% used [0x00000006c2600000,0x00000006c2695c10,0x00000006ccf80000)
 Metaspace       used 20550K, capacity 21238K, committed 21296K, reserved 1067008K
  class space    used 2740K, capacity 2933K, committed 2944K, reserved 1048576K
Event: 5.581 GC heap after
Heap after GC invocations=4 (full 1):
 PSYoungGen      total 75776K, used 0K [0x000000076b780000, 0x0000000774b80000, 0x00000007c0000000)
  eden space 65024K, 0% used [0x000000076b780000,0x000000076b780000,0x000000076f700000)
  from space 10752K, 0% used [0x000000076f700000,0x000000076f700000,0x0000000770180000)
  to   space 10752K, 0% used [0x0000000774100000,0x0000000774100000,0x0000000774b80000)
 ParOldGen       total 92160K, used 6076K [0x00000006c2600000, 0x00000006c8000000, 0x000000076b780000)
  object space 92160K, 6% used [0x00000006c2600000,0x00000006c2bef100,0x00000006c8000000)
 Metaspace       used 20548K, capacity 21232K, committed 21296K, reserved 1067008K
  class space    used 2740K, capacity 2932K, committed 2944K, reserved 1048576K
}
Event: 6.971 GC heap before
{Heap before GC invocations=5 (full 1):
 PSYoungGen      total 75776K, used 65024K [0x000000076b780000, 0x0000000774b80000, 0x00000007c0000000)
  eden space 65024K, 100% used [0x000000076b780000,0x000000076f700000,0x000000076f700000)
  from space 10752K, 0% used [0x000000076f700000,0x000000076f700000,0x0000000770180000)
  to   space 10752K, 0% used [0x0000000774100000,0x0000000774100000,0x0000000774b80000)
 ParOldGen       total 92160K, used 6076K [0x00000006c2600000, 0x00000006c8000000, 0x000000076b780000)
  object space 92160K, 6% used [0x00000006c2600000,0x00000006c2bef100,0x00000006c8000000)
 Metaspace       used 24214K, capacity 25084K, committed 25344K, reserved 1071104K
  class space    used 3273K, capacity 3492K, committed 3584K, reserved 1048576K
Event: 6.977 GC heap after
Heap after GC invocations=5 (full 1):
 PSYoungGen      total 115200K, used 6945K [0x000000076b780000, 0x0000000774800000, 0x00000007c0000000)
  eden space 108032K, 0% used [0x000000076b780000,0x000000076b780000,0x0000000772100000)
  from space 7168K, 96% used [0x0000000774100000,0x00000007747c8490,0x0000000774800000)
  to   space 10752K, 0% used [0x0000000773300000,0x0000000773300000,0x0000000773d80000)
 ParOldGen       total 92160K, used 6084K [0x00000006c2600000, 0x00000006c8000000, 0x000000076b780000)
  object space 92160K, 6% used [0x00000006c2600000,0x00000006c2bf1100,0x00000006c8000000)
 Metaspace       used 24214K, capacity 25084K, committed 25344K, reserved 1071104K
  class space    used 3273K, capacity 3492K, committed 3584K, reserved 1048576K
}
Event: 13.811 GC heap before
{Heap before GC invocations=6 (full 1):
 PSYoungGen      total 115200K, used 114977K [0x000000076b780000, 0x0000000774800000, 0x00000007c0000000)
  eden space 108032K, 100% used [0x000000076b780000,0x0000000772100000,0x0000000772100000)
  from space 7168K, 96% used [0x0000000774100000,0x00000007747c8490,0x0000000774800000)
  to   space 10752K, 0% used [0x0000000773300000,0x0000000773300000,0x0000000773d80000)
 ParOldGen       total 92160K, used 6084K [0x00000006c2600000, 0x00000006c8000000, 0x000000076b780000)
  object space 92160K, 6% used [0x00000006c2600000,0x00000006c2bf1100,0x00000006c8000000)
 Metaspace       used 31541K, capacity 33056K, committed 33280K, reserved 1077248K
  class space    used 4257K, capacity 4556K, committed 4608K, reserved 1048576K
Event: 13.819 GC heap after
Heap after GC invocations=6 (full 1):
 PSYoungGen      total 137216K, used 10742K [0x000000076b780000, 0x0000000777c00000, 0x00000007c0000000)
  eden space 126464K, 0% used [0x000000076b780000,0x000000076b780000,0x0000000773300000)
  from space 10752K, 99% used [0x0000000773300000,0x0000000773d7da20,0x0000000773d80000)
  to   space 14336K, 0% used [0x0000000776e00000,0x0000000776e00000,0x0000000777c00000)
 ParOldGen       total 92160K, used 7498K [0x00000006c2600000, 0x00000006c8000000, 0x000000076b780000)
  object space 92160K, 8% used [0x00000006c2600000,0x00000006c2d52a50,0x00000006c8000000)
 Metaspace       used 31541K, capacity 33056K, committed 33280K, reserved 1077248K
  class space    used 4257K, capacity 4556K, committed 4608K, reserved 1048576K
}
Event: 14.644 GC heap before
{Heap before GC invocations=7 (full 1):
 PSYoungGen      total 137216K, used 59908K [0x000000076b780000, 0x0000000777c00000, 0x00000007c0000000)
  eden space 126464K, 38% used [0x000000076b780000,0x000000076e783940,0x0000000773300000)
  from space 10752K, 99% used [0x0000000773300000,0x0000000773d7da20,0x0000000773d80000)
  to   space 14336K, 0% used [0x0000000776e00000,0x0000000776e00000,0x0000000777c00000)
 ParOldGen       total 92160K, used 7498K [0x00000006c2600000, 0x00000006c8000000, 0x000000076b780000)
  object space 92160K, 8% used [0x00000006c2600000,0x00000006c2d52a50,0x00000006c8000000)
 Metaspace       used 33592K, capacity 35336K, committed 35456K, reserved 1079296K
  class space    used 4563K, capacity 4923K, committed 4992K, reserved 1048576K
Event: 14.652 GC heap after
Heap after GC invocations=7 (full 1):
 PSYoungGen      total 186880K, used 10379K [0x000000076b780000, 0x0000000779a00000, 0x00000007c0000000)
  eden space 172544K, 0% used [0x000000076b780000,0x000000076b780000,0x0000000776000000)
  from space 14336K, 72% used [0x0000000776e00000,0x0000000777822fb0,0x0000000777c00000)
  to   space 14336K, 0% used [0x0000000776000000,0x0000000776000000,0x0000000776e00000)
 ParOldGen       total 92160K, used 7506K [0x00000006c2600000, 0x00000006c8000000, 0x000000076b780000)
  object space 92160K, 8% used [0x00000006c2600000,0x00000006c2d54a50,0x00000006c8000000)
 Metaspace       used 33592K, capacity 35336K, committed 35456K, reserved 1079296K
  class space    used 4563K, capacity 4923K, committed 4992K, reserved 1048576K
}
Event: 14.652 GC heap before
{Heap before GC invocations=8 (full 2):
 PSYoungGen      total 186880K, used 10379K [0x000000076b780000, 0x0000000779a00000, 0x00000007c0000000)
  eden space 172544K, 0% used [0x000000076b780000,0x000000076b780000,0x0000000776000000)
  from space 14336K, 72% used [0x0000000776e00000,0x0000000777822fb0,0x0000000777c00000)
  to   space 14336K, 0% used [0x0000000776000000,0x0000000776000000,0x0000000776e00000)
 ParOldGen       total 92160K, used 7506K [0x00000006c2600000, 0x00000006c8000000, 0x000000076b780000)
  object space 92160K, 8% used [0x00000006c2600000,0x00000006c2d54a50,0x00000006c8000000)
 Metaspace       used 33592K, capacity 35336K, committed 35456K, reserved 1079296K
  class space    used 4563K, capacity 4923K, committed 4992K, reserved 1048576K
Event: 14.751 GC heap after
Heap after GC invocations=8 (full 2):
 PSYoungGen      total 186880K, used 0K [0x000000076b780000, 0x0000000779a00000, 0x00000007c0000000)
  eden space 172544K, 0% used [0x000000076b780000,0x000000076b780000,0x0000000776000000)
  from space 14336K, 0% used [0x0000000776e00000,0x0000000776e00000,0x0000000777c00000)
  to   space 14336K, 0% used [0x0000000776000000,0x0000000776000000,0x0000000776e00000)
 ParOldGen       total 144384K, used 15434K [0x00000006c2600000, 0x00000006cb300000, 0x000000076b780000)
  object space 144384K, 10% used [0x00000006c2600000,0x00000006c3512b78,0x00000006cb300000)
 Metaspace       used 33592K, capacity 35336K, committed 35456K, reserved 1079296K
  class space    used 4563K, capacity 4923K, committed 4992K, reserved 1048576K
}

